android/build/outputs/mapping/release/seeds.txt
com.shatteredpixel.shatteredpixeldungeon.scenes.SurfaceScene$Avatar: SurfaceScene$Avatar(com.shatteredpixel.shatteredpixeldungeon.actors.hero.HeroClass)
com.shatteredpixel.shatteredpixeldungeon.sprites.CharSprite: void zap(int,com.watabou.utils.Callback)
com.shatteredpixel.shatteredpixeldungeon.actors.mobs.GnollSapper$Wandering: GnollSapper$Wandering(com.shatteredpixel.shatteredpixeldungeon.actors.mobs.GnollSapper)
com.shatteredpixel.shatteredpixeldungeon.levels.CavesLevel: boolean activateTransition(com.shatteredpixel.shatteredpixeldungeon.actors.hero.Hero,com.shatteredpixel.shatteredpixeldungeon.levels.features.LevelTransition)
com.shatteredpixel.shatteredpixeldungeon.actors.hero.Hero: boolean canSurpriseAttack()
com.shatteredpixel.shatteredpixeldungeon.levels.rooms.standard.exit.HallwayExitRoom: boolean isExit()
com.shatteredpixel.shatteredpixeldungeon.items.weapon.melee.Spear$1: Spear$1(com.shatteredpixel.shatteredpixeldungeon.items.weapon.melee.MeleeWeapon,com.shatteredpixel.shatteredpixeldungeon.actors.hero.Hero,com.shatteredpixel.shatteredpixeldungeon.actors.Char,float,int)
com.shatteredpixel.shatteredpixeldungeon.ui.AttackIndicator: void update()
com.shatteredpixel.shatteredpixeldungeon.items.weapon.curses.Annoying: int proc(com.shatteredpixel.shatteredpixeldungeon.items.weapon.Weapon,com.shatteredpixel.shatteredpixeldungeon.actors.Char,com.shatteredpixel.shatteredpixeldungeon.actors.Char,int)
com.shatteredpixel.shatteredpixeldungeon.sprites.MimicSprite$Ebony: MimicSprite$Ebony()
com.shatteredpixel.shatteredpixeldungeon.items.potions.brews.InfernalBrew: InfernalBrew()
com.shatteredpixel.shatteredpixeldungeon.windows.WndSettings$AudioTab$3: WndSettings$AudioTab$3(com.shatteredpixel.shatteredpixeldungeon.windows.WndSettings$AudioTab,java.lang.String,java.lang.String,java.lang.String,int,int)
com.shatteredpixel.shatteredpixeldungeon.scenes.AmuletScene$1$1: AmuletScene$1$1(com.shatteredpixel.shatteredpixeldungeon.scenes.AmuletScene$1,float)
com.shatteredpixel.shatteredpixeldungeon.items.scrolls.exotic.ScrollOfDread: ScrollOfDread()
com.shatteredpixel.shatteredpixeldungeon.items.Generator: com.shatteredpixel.shatteredpixeldungeon.items.weapon.missiles.MissileWeapon randomMissile()
com.watabou.glwrap.Quad: java.nio.FloatBuffer create()
com.shatteredpixel.shatteredpixeldungeon.items.wands.WandOfWarding$Ward: com.shatteredpixel.shatteredpixeldungeon.sprites.CharSprite sprite()
com.shatteredpixel.shatteredpixeldungeon.services.updates.UpdateService$UpdateResultCallback: UpdateService$UpdateResultCallback()
com.shatteredpixel.shatteredpixeldungeon.actors.buffs.Berserk: java.lang.String actionName()
com.shatteredpixel.shatteredpixeldungeon.actors.blobs.SmokeScreen: java.lang.String tileDesc()
com.shatteredpixel.shatteredpixeldungeon.levels.CavesBossLevel$2$1: CavesBossLevel$2$1(com.shatteredpixel.shatteredpixeldungeon.levels.CavesBossLevel$2)
com.shatteredpixel.shatteredpixeldungeon.items.spells.UnstableSpell: int value()
com.badlogic.gdx.backends.android.AndroidApplication: void addLifecycleListener(com.badlogic.gdx.LifecycleListener)
com.watabou.noosa.audio.Music: void play(java.lang.String,com.badlogic.gdx.audio.Music$OnCompletionListener)
com.shatteredpixel.shatteredpixeldungeon.scenes.GameScene: void add(com.shatteredpixel.shatteredpixeldungeon.ui.CharHealthIndicator)
com.shatteredpixel.shatteredpixeldungeon.items.LiquidMetal$Recipe: com.shatteredpixel.shatteredpixeldungeon.items.Item brew(java.util.ArrayList)
com.shatteredpixel.shatteredpixeldungeon.actors.buffs.FireImbue: java.lang.String iconTextDisplay()
com.shatteredpixel.shatteredpixeldungeon.scenes.InterlevelScene: InterlevelScene()
com.shatteredpixel.shatteredpixeldungeon.items.rings.Ring$RingBuff: boolean attachTo(com.shatteredpixel.shatteredpixeldungeon.actors.Char)
com.shatteredpixel.shatteredpixeldungeon.windows.WndUseItem: WndUseItem(com.shatteredpixel.shatteredpixeldungeon.ui.Window,com.shatteredpixel.shatteredpixeldungeon.items.Item)