android/build/outputs/mapping/release/usage.txt
com.badlogic.gdx.graphics.g3d.utils.BaseAnimationController$Transform
com.badlogic.gdx.graphics.g3d.utils.BaseAnimationController
com.badlogic.gdx.graphics.g3d.utils.BaseShaderProvider
com.badlogic.gdx.graphics.g3d.utils.CameraInputController$CameraGestureListener
com.badlogic.gdx.graphics.g3d.utils.CameraInputController
com.badlogic.gdx.graphics.g3d.utils.DefaultRenderableSorter
com.badlogic.gdx.graphics.g3d.utils.DefaultShaderProvider
com.badlogic.gdx.graphics.g3d.utils.DefaultTextureBinder
com.badlogic.gdx.graphics.g3d.utils.DepthShaderProvider
com.badlogic.gdx.graphics.g3d.utils.FirstPersonCameraController
com.badlogic.gdx.graphics.g3d.utils.MeshBuilder
com.badlogic.gdx.graphics.g3d.utils.MeshPartBuilder$VertexInfo
com.badlogic.gdx.graphics.g3d.utils.MeshPartBuilder
com.badlogic.gdx.graphics.g3d.utils.ModelBuilder
com.badlogic.gdx.graphics.g3d.utils.RenderContext
com.badlogic.gdx.graphics.g3d.utils.RenderableSorter
com.badlogic.gdx.graphics.g3d.utils.ShaderProvider
com.badlogic.gdx.graphics.g3d.utils.ShapeCache
com.badlogic.gdx.graphics.g3d.utils.TextureBinder
com.badlogic.gdx.graphics.g3d.utils.TextureDescriptor
com.badlogic.gdx.graphics.g3d.utils.TextureProvider$AssetTextureProvider
com.badlogic.gdx.graphics.g3d.utils.TextureProvider$FileTextureProvider
com.badlogic.gdx.graphics.g3d.utils.TextureProvider
com.badlogic.gdx.graphics.g3d.utils.shapebuilders.ArrowShapeBuilder
com.badlogic.gdx.graphics.g3d.utils.shapebuilders.BaseShapeBuilder$1
com.badlogic.gdx.graphics.g3d.utils.shapebuilders.BaseShapeBuilder$2
com.badlogic.gdx.graphics.g3d.utils.shapebuilders.BaseShapeBuilder
com.badlogic.gdx.graphics.g3d.utils.shapebuilders.BoxShapeBuilder
com.badlogic.gdx.graphics.g3d.utils.shapebuilders.CapsuleShapeBuilder
com.badlogic.gdx.graphics.g3d.utils.shapebuilders.ConeShapeBuilder
com.badlogic.gdx.graphics.g3d.utils.shapebuilders.CylinderShapeBuilder
com.badlogic.gdx.graphics.g3d.utils.shapebuilders.EllipseShapeBuilder
com.badlogic.gdx.graphics.g3d.utils.shapebuilders.FrustumShapeBuilder
com.badlogic.gdx.graphics.g3d.utils.shapebuilders.PatchShapeBuilder
com.badlogic.gdx.graphics.g3d.utils.shapebuilders.RenderableShapeBuilder$RenderablePool
com.badlogic.gdx.graphics.g3d.utils.shapebuilders.RenderableShapeBuilder
com.badlogic.gdx.graphics.g3d.utils.shapebuilders.SphereShapeBuilder
com.badlogic.gdx.graphics.glutils.CustomTexture3DData
com.badlogic.gdx.graphics.glutils.ETC1$ETC1Data:
    public void write(com.badlogic.gdx.files.FileHandle)
com.badlogic.gdx.graphics.glutils.ETC1:
    public void <init>()
    public static com.badlogic.gdx.graphics.glutils.ETC1$ETC1Data encodeImage(com.badlogic.gdx.graphics.Pixmap)
    private static native java.nio.ByteBuffer encodeImage(java.nio.ByteBuffer,int,int,int,int)
    public static com.badlogic.gdx.graphics.glutils.ETC1$ETC1Data encodeImagePKM(com.badlogic.gdx.graphics.Pixmap)
    private static native java.nio.ByteBuffer encodeImagePKM(java.nio.ByteBuffer,int,int,int,int)
    public static native void formatHeader(java.nio.ByteBuffer,int,int,int)
    public static native int getCompressedDataSize(int,int)
com.badlogic.gdx.graphics.glutils.ETC1TextureData:
    public void <init>(com.badlogic.gdx.files.FileHandle)
    public void <init>(com.badlogic.gdx.graphics.glutils.ETC1$ETC1Data,boolean)
com.badlogic.gdx.graphics.glutils.FacedCubemapData
com.badlogic.gdx.graphics.glutils.FileTextureArrayData
com.badlogic.gdx.graphics.glutils.FileTextureData:
    public com.badlogic.gdx.files.FileHandle getFileHandle()
com.badlogic.gdx.graphics.glutils.FloatFrameBuffer
com.badlogic.gdx.graphics.glutils.FloatTextureData